# JRE version: OpenJDK Runtime Environment (17.0.6) (build 17.0.6+0-b2043.56-9586694)
# Java VM: OpenJDK 64-Bit Server VM (17.0.6+0-b2043.56-9586694, mixed mode, tiered, compressed oops, compressed class ptrs, g1 gc, windows-amd64)
GC Precious Log:
 CPUs: 4 total, 4 available
 Memory: 8029M
 Large Page Support: Disabled
 NUMA Support: Disabled
 Compressed Oops: Enabled (32-bit)
 Heap Region Size: 1M
 Heap Min Capacity: 8M
 Heap Initial Capacity: 126M
 Heap Max Capacity: 2008M
 Pre-touch: Disabled
 Parallel Workers: 4
 Concurrent Workers: 1
 Concurrent Refinement Workers: 4
 Periodic GC: Disabled
Heap:
 garbage-first heap   total 73728K, used 54721K [0x0000000082800000, 0x0000000100000000)
  region size 1024K, 14 young (14336K), 2 survivors (2048K)
 Metaspace       used 50580K, committed 50880K, reserved 1097728K
  class space    used 6058K, committed 6208K, reserved 1048576K
GC Heap History (20 events):
Event: 1.706 GC heap before
{Heap before GC invocations=5 (full 0):
 garbage-first heap   total 46080K, used 18029K [0x0000000082800000, 0x0000000100000000)
  region size 1024K, 4 young (4096K), 3 survivors (3072K)
 Metaspace       used 28049K, committed 28224K, reserved 1081344K
  class space    used 3135K, committed 3200K, reserved 1048576K
}
Event: 1.710 GC heap after
{Heap after GC invocations=6 (full 0):
 garbage-first heap   total 46080K, used 17149K [0x0000000082800000, 0x0000000100000000)
  region size 1024K, 1 young (1024K), 1 survivors (1024K)
 Metaspace       used 28049K, committed 28224K, reserved 1081344K
  class space    used 3135K, committed 3200K, reserved 1048576K
}
Event: 2.061 GC heap before
{Heap before GC invocations=6 (full 0):
 garbage-first heap   total 46080K, used 33533K [0x0000000082800000, 0x0000000100000000)
  region size 1024K, 17 young (17408K), 1 survivors (1024K)
 Metaspace       used 33447K, committed 33664K, reserved 1081344K
  class space    used 4101K, committed 4224K, reserved 1048576K
}
Event: 2.065 GC heap after
{Heap after GC invocations=7 (full 0):
 garbage-first heap   total 71680K, used 17549K [0x0000000082800000, 0x0000000100000000)
  region size 1024K, 1 young (1024K), 1 survivors (1024K)
 Metaspace       used 33447K, committed 33664K, reserved 1081344K
  class space    used 4101K, committed 4224K, reserved 1048576K
}
Event: 2.488 GC heap before
{Heap before GC invocations=7 (full 0):
 garbage-first heap   total 71680K, used 57485K [0x0000000082800000, 0x0000000100000000)
  region size 1024K, 36 young (36864K), 1 survivors (1024K)
 Metaspace       used 34770K, committed 35072K, reserved 1081344K
  class space    used 4213K, committed 4352K, reserved 1048576K
}
Event: 2.503 GC heap after
{Heap after GC invocations=8 (full 0):
 garbage-first heap   total 71680K, used 27226K [0x0000000082800000, 0x0000000100000000)
  region size 1024K, 5 young (5120K), 5 survivors (5120K)
 Metaspace       used 34770K, committed 35072K, reserved 1081344K
  class space    used 4213K, committed 4352K, reserved 1048576K
}
Event: 2.604 GC heap before
{Heap before GC invocations=8 (full 0):
 garbage-first heap   total 71680K, used 30298K [0x0000000082800000, 0x0000000100000000)
  region size 1024K, 9 young (9216K), 5 survivors (5120K)
 Metaspace       used 35852K, committed 36096K, reserved 1081344K
  class space    used 4496K, committed 4608K, reserved 1048576K
}
Event: 2.613 GC heap after
{Heap after GC invocations=9 (full 0):
 garbage-first heap   total 71680K, used 28141K [0x0000000082800000, 0x0000000100000000)
  region size 1024K, 1 young (1024K), 1 survivors (1024K)
 Metaspace       used 35852K, committed 36096K, reserved 1081344K
  class space    used 4496K, committed 4608K, reserved 1048576K
}
Event: 2.903 GC heap before
{Heap before GC invocations=10 (full 0):
 garbage-first heap   total 71680K, used 54765K [0x0000000082800000, 0x0000000100000000)
  region size 1024K, 26 young (26624K), 1 survivors (1024K)
 Metaspace       used 39063K, committed 39360K, reserved 1089536K
  class space    used 4892K, committed 5056K, reserved 1048576K
}
Event: 2.908 GC heap after
{Heap after GC invocations=11 (full 0):
 garbage-first heap   total 71680K, used 32177K [0x0000000082800000, 0x0000000100000000)
  region size 1024K, 4 young (4096K), 4 survivors (4096K)
 Metaspace       used 39063K, committed 39360K, reserved 1089536K
  class space    used 4892K, committed 5056K, reserved 1048576K
}
Event: 3.313 GC heap before
{Heap before GC invocations=12 (full 0):
 garbage-first heap   total 71680K, used 53681K [0x0000000082800000, 0x0000000100000000)
  region size 1024K, 26 young (26624K), 4 survivors (4096K)
 Metaspace       used 43523K, committed 43776K, reserved 1089536K
  class space    used 5329K, committed 5440K, reserved 1048576K
}
Event: 3.321 GC heap after
{Heap after GC invocations=13 (full 0):
 garbage-first heap   total 71680K, used 34658K [0x0000000082800000, 0x0000000100000000)
  region size 1024K, 3 young (3072K), 3 survivors (3072K)
 Metaspace       used 43523K, committed 43776K, reserved 1089536K
  class space    used 5329K, committed 5440K, reserved 1048576K
}
Event: 3.780 GC heap before
{Heap before GC invocations=13 (full 0):
 garbage-first heap   total 71680K, used 55138K [0x0000000082800000, 0x0000000100000000)
  region size 1024K, 23 young (23552K), 3 survivors (3072K)
 Metaspace       used 48080K, committed 48384K, reserved 1097728K
  class space    used 5762K, committed 5888K, reserved 1048576K
}
Event: 3.788 GC heap after
{Heap after GC invocations=14 (full 0):
 garbage-first heap   total 71680K, used 37361K [0x0000000082800000, 0x0000000100000000)
  region size 1024K, 3 young (3072K), 3 survivors (3072K)
 Metaspace       used 48080K, committed 48384K, reserved 1097728K
  class space    used 5762K, committed 5888K, reserved 1048576K
}
Event: 3.872 GC heap before
{Heap before GC invocations=15 (full 0):
 garbage-first heap   total 71680K, used 39409K [0x0000000082800000, 0x0000000100000000)
  region size 1024K, 6 young (6144K), 3 survivors (3072K)
 Metaspace       used 48790K, committed 49088K, reserved 1097728K
  class space    used 5876K, committed 6016K, reserved 1048576K
}
Event: 3.879 GC heap after
{Heap after GC invocations=16 (full 0):
 garbage-first heap   total 71680K, used 37834K [0x0000000082800000, 0x0000000100000000)
  region size 1024K, 1 young (1024K), 1 survivors (1024K)
 Metaspace       used 48790K, committed 49088K, reserved 1097728K
  class space    used 5876K, committed 6016K, reserved 1048576K
}
Event: 4.161 GC heap before
{Heap before GC invocations=17 (full 0):
 garbage-first heap   total 73728K, used 58314K [0x0000000082800000, 0x0000000100000000)
  region size 1024K, 19 young (19456K), 1 survivors (1024K)
 Metaspace       used 50323K, committed 50560K, reserved 1097728K
  class space    used 6031K, committed 6144K, reserved 1048576K
}
Event: 4.165 GC heap after
{Heap after GC invocations=18 (full 0):
 garbage-first heap   total 73728K, used 42168K [0x0000000082800000, 0x0000000100000000)
  region size 1024K, 3 young (3072K), 3 survivors (3072K)
 Metaspace       used 50323K, committed 50560K, reserved 1097728K
  class space    used 6031K, committed 6144K, reserved 1048576K
}
Event: 4.230 GC heap before
{Heap before GC invocations=18 (full 0):
 garbage-first heap   total 73728K, used 46264K [0x0000000082800000, 0x0000000100000000)
  region size 1024K, 8 young (8192K), 3 survivors (3072K)
 Metaspace       used 50532K, committed 50816K, reserved 1097728K
  class space    used 6058K, committed 6208K, reserved 1048576K
}
Event: 4.235 GC heap after
{Heap after GC invocations=19 (full 0):
 garbage-first heap   total 73728K, used 43457K [0x0000000082800000, 0x0000000100000000)
  region size 1024K, 2 young (2048K), 2 survivors (2048K)
 Metaspace       used 50532K, committed 50816K, reserved 1097728K
  class space    used 6058K, committed 6208K, reserved 1048576K
}

